Using pre-set license
Built from '2020.3/release' branch; Version is '2020.3.12f1 (b3b2c6512326) revision 11776710'; Using compiler version '192528614'; Build Type 'Release'
OS: 'Windows 10 Home; OS build 19042.1083; Version 2009; 64bit' Language: 'zh' Physical Memory: 8066 MB
BatchMode: 1, IsHumanControllingUs: 0, StartBugReporterOnCrash: 0, Is64bit: 1, IsPro: 0

 COMMAND LINE ARGUMENTS:
C:\Program Files\Unity2020HC\Editor\Unity.exe
-adb2
-batchMode
-noUpm
-name
AssetImportWorker0
-projectPath
C:/Users/user/Desktop/HC/Unity/Unity_HC_TC_210703_2DGame_HW/2DGame_HW
-logFile
Logs/AssetImportWorker0.log
-srvPort
56489
Successfully changed project path to: C:/Users/user/Desktop/HC/Unity/Unity_HC_TC_210703_2DGame_HW/2DGame_HW
C:/Users/user/Desktop/HC/Unity/Unity_HC_TC_210703_2DGame_HW/2DGame_HW
Using Asset Import Pipeline V2.
Refreshing native plugins compatible for Editor in 50.66 ms, found 3 plugins.
Preloading 0 native plugins for Editor in 0.00 ms.
Initialize engine version: 2020.3.12f1 (b3b2c6512326)
[Subsystems] Discovering subsystems at path C:/Program Files/Unity2020HC/Editor/Data/Resources/UnitySubsystems
[Subsystems] Discovering subsystems at path C:/Users/user/Desktop/HC/Unity/Unity_HC_TC_210703_2DGame_HW/2DGame_HW/Assets
GfxDevice: creating device client; threaded=0
Direct3D:
    Version:  Direct3D 11.0 [level 11.1]
    Renderer: NVIDIA GeForce MX150 (ID=0x1d10)
    Vendor:   
    VRAM:     1983 MB
    Driver:   27.21.14.6663
Initialize mono
Mono path[0] = 'C:/Program Files/Unity2020HC/Editor/Data/Managed'
Mono path[1] = 'C:/Program Files/Unity2020HC/Editor/Data/MonoBleedingEdge/lib/mono/unityjit'
Mono config path = 'C:/Program Files/Unity2020HC/Editor/Data/MonoBleedingEdge/etc'
Using monoOptions --debugger-agent=transport=dt_socket,embedding=1,server=y,suspend=n,address=127.0.0.1:56896
Begin MonoManager ReloadAssembly
Registering precompiled unity dll's ...
Register platform support module: C:/Program Files/Unity2020HC/Editor/Data/PlaybackEngines/WindowsStandaloneSupport/UnityEditor.WindowsStandalone.Extensions.dll
Registered in 0.003138 seconds.
Native extension for WindowsStandalone target not found
Refreshing native plugins compatible for Editor in 47.18 ms, found 3 plugins.
Preloading 0 native plugins for Editor in 0.00 ms.
Mono: successfully reloaded assembly
- Completed reload, in  1.285 seconds
Platform modules already initialized, skipping
Registering precompiled user dll's ...
Registered in 0.007704 seconds.
Begin MonoManager ReloadAssembly
Native extension for WindowsStandalone target not found
Refreshing native plugins compatible for Editor in 60.11 ms, found 3 plugins.
Preloading 0 native plugins for Editor in 0.00 ms.
Mono: successfully reloaded assembly
- Completed reload, in  1.381 seconds
Platform modules already initialized, skipping
========================================================================
Worker process is ready to serve import requests
Launched and connected shader compiler UnityShaderCompiler.exe after 0.06 seconds
Refreshing native plugins compatible for Editor in 0.47 ms, found 3 plugins.
Preloading 0 native plugins for Editor in 0.00 ms.
Unloading 2080 Unused Serialized files (Serialized files now loaded: 0)
System memory in use before: 93.0 MB.
System memory in use after: 92.9 MB.

Unloading 33 unused Assets to reduce memory usage. Loaded Objects now: 2514.
Total: 2.407000 ms (FindLiveObjects: 0.215700 ms CreateObjectMapping: 0.081900 ms MarkObjects: 1.970400 ms  DeleteObjects: 0.137900 ms)

AssetImportParameters requested are different than current active one (requested -> active):
  custom:framework-win-MediaFoundation: 216162199b28c13a410421893ffa2e32 -> 
  custom:video-decoder-ogg-theora: a1e56fd34408186e4bbccfd4996cb3dc -> 
  custom:container-muxer-webm: aa71ff27fc2769a1b78a27578f13a17b -> 
  custom:container-demuxer-webm: 4f35f7cbe854078d1ac9338744f61a02 -> 
  custom:container-demuxer-ogg: 62fdf1f143b41e24485cea50d1cbac27 -> 
  custom:video-encoder-webm-vp8: eb34c28f22e8b96e1ab97ce403110664 -> 
  custom:video-codec-MediaFoundation-h265: 746d11721c4dcdbdad8f713fa42b33f4 -> 
  custom:video-decoder-webm-vp8: 9c59270c3fd7afecdb556c50c9e8de78 -> 
  custom:audio-decoder-ogg-vorbis: bf7c407c2cedff20999df2af8eb42d56 -> 
  custom:audio-encoder-webm-vorbis: bf7c407c2cedff20999df2af8eb42d56 -> 
========================================================================
Received Import Request.
  path: Assets/Scenes/Game scene.unity
  artifactKey: Guid(2cda990e2423bbf4892e6590ba056729) Importer(815301076,1909f56bfc062723c751e8b465ee728b)
Start importing Assets/Scenes/Game scene.unity using Guid(2cda990e2423bbf4892e6590ba056729) Importer(815301076,1909f56bfc062723c751e8b465ee728b)  -> (artifact id: '08d14b2491632cf7c4b767cafc10083b') in 0.020765 seconds 
  Import took 0.025810 seconds .

========================================================================
Received Import Request.
  Time since last request: 42.021710 seconds.
  path: Assets/Images
  artifactKey: Guid(c14b25f04d85b084c96e83271bf2f753) Importer(815301076,1909f56bfc062723c751e8b465ee728b)
Start importing Assets/Images using Guid(c14b25f04d85b084c96e83271bf2f753) Importer(815301076,1909f56bfc062723c751e8b465ee728b)  -> (artifact id: '5f9f8ffaa4eef2fd021b12eb52fd9ab4') in 0.004622 seconds 
  Import took 0.009092 seconds .

========================================================================
Received Import Request.
  Time since last request: 18.232710 seconds.
  path: Assets/Images/20200704152009674.png
  artifactKey: Guid(cdbd74567b8c5804ba85fe6a6922c868) Importer(815301076,1909f56bfc062723c751e8b465ee728b)
Start importing Assets/Images/20200704152009674.png using Guid(cdbd74567b8c5804ba85fe6a6922c868) Importer(815301076,1909f56bfc062723c751e8b465ee728b)  -> (artifact id: '41431ed21edeb56449c304fe5051776f') in 0.139233 seconds 
  Import took 0.145474 seconds .

========================================================================
Received Import Request.
  Time since last request: 222.767327 seconds.
  path: Assets/New Folder
  artifactKey: Guid(f491bed351e6c2b4892e573c4e7809cc) Importer(815301076,1909f56bfc062723c751e8b465ee728b)
Start importing Assets/New Folder using Guid(f491bed351e6c2b4892e573c4e7809cc) Importer(815301076,1909f56bfc062723c751e8b465ee728b)  -> (artifact id: '439d5d5fa888ca695d5a6b49fdba09ee') in 0.005120 seconds 
  Import took 0.010841 seconds .

========================================================================
Received Import Request.
  Time since last request: 4.121765 seconds.
  path: Assets/New Folder/New Flare.flare
  artifactKey: Guid(28879769ab67d524694ea9d94606816d) Importer(815301076,1909f56bfc062723c751e8b465ee728b)
Start importing Assets/New Folder/New Flare.flare using Guid(28879769ab67d524694ea9d94606816d) Importer(815301076,1909f56bfc062723c751e8b465ee728b)  -> (artifact id: '2b7be2f4d1d0a098e49bfdc74c1c0725') in 0.014894 seconds 
  Import took 0.020113 seconds .

========================================================================
Received Import Request.
  Time since last request: 0.004197 seconds.
  path: Assets/New Folder/New Flare.flare
  artifactKey: Guid(28879769ab67d524694ea9d94606816d) Importer(815301076,1909f56bfc062723c751e8b465ee728b)
Start importing Assets/New Folder/New Flare.flare using Guid(28879769ab67d524694ea9d94606816d) Importer(815301076,1909f56bfc062723c751e8b465ee728b)  -> (artifact id: '2b7be2f4d1d0a098e49bfdc74c1c0725') in 0.004613 seconds 
  Import took 0.008194 seconds .

========================================================================
Received Import Request.
  Time since last request: 11.843858 seconds.
  path: Assets/New Folder/Fire.mat
  artifactKey: Guid(5f6e3661092a84e46a46d4be10caeb91) Importer(815301076,1909f56bfc062723c751e8b465ee728b)
Start importing Assets/New Folder/Fire.mat using Guid(5f6e3661092a84e46a46d4be10caeb91) Importer(815301076,1909f56bfc062723c751e8b465ee728b)  -> (artifact id: 'df88f13ca6838cfe195e96e61f33ffdc') in 0.057906 seconds 
  Import took 0.064716 seconds .

========================================================================
Received Import Request.
  Time since last request: 255.232868 seconds.
  path: Assets/Materials
  artifactKey: Guid(f491bed351e6c2b4892e573c4e7809cc) Importer(815301076,1909f56bfc062723c751e8b465ee728b)
Start importing Assets/Materials using Guid(f491bed351e6c2b4892e573c4e7809cc) Importer(815301076,1909f56bfc062723c751e8b465ee728b)  -> (artifact id: 'b98b7b9d634696863538b456fa7c00b5') in 0.004796 seconds 
  Import took 0.016973 seconds .

========================================================================
Received Import Request.
  Time since last request: 15.503533 seconds.
  path: Assets/Materials/NewUnlitShader.shader
  artifactKey: Guid(428616ed1c69f0a44972653278072802) Importer(815301076,1909f56bfc062723c751e8b465ee728b)
Start importing Assets/Materials/NewUnlitShader.shader using Guid(428616ed1c69f0a44972653278072802) Importer(815301076,1909f56bfc062723c751e8b465ee728b)  -> (artifact id: '8fd603e26f7fb7c2ba39f4ccde656781') in 0.011406 seconds 
  Import took 0.018198 seconds .

========================================================================
Received Import Request.
  Time since last request: 0.000685 seconds.
  path: Assets/Materials/NewUnlitShader.shader
  artifactKey: Guid(428616ed1c69f0a44972653278072802) Importer(815301076,1909f56bfc062723c751e8b465ee728b)
Start importing Assets/Materials/NewUnlitShader.shader using Guid(428616ed1c69f0a44972653278072802) Importer(815301076,1909f56bfc062723c751e8b465ee728b)  -> (artifact id: '8fd603e26f7fb7c2ba39f4ccde656781') in 0.005187 seconds 
  Import took 0.009707 seconds .

========================================================================
Received Import Request.
  Time since last request: 397.372439 seconds.
  path: Assets/Materials/Fire.mat
  artifactKey: Guid(5f6e3661092a84e46a46d4be10caeb91) Importer(815301076,1909f56bfc062723c751e8b465ee728b)
Start importing Assets/Materials/Fire.mat using Guid(5f6e3661092a84e46a46d4be10caeb91) Importer(815301076,1909f56bfc062723c751e8b465ee728b)  -> (artifact id: 'f52b8718016051d90c6639daf8387773') in 0.695467 seconds 
  Import took 0.708461 seconds .

