Using pre-set license
Built from '2020.3/release' branch; Version is '2020.3.12f1 (b3b2c6512326) revision 11776710'; Using compiler version '192528614'; Build Type 'Release'
OS: 'Windows 10 Home; OS build 19042.1052; Version 2009; 64bit' Language: 'zh' Physical Memory: 8066 MB
BatchMode: 1, IsHumanControllingUs: 0, StartBugReporterOnCrash: 0, Is64bit: 1, IsPro: 0

 COMMAND LINE ARGUMENTS:
C:\Program Files\Unity2020HC\Editor\Unity.exe
-adb2
-batchMode
-noUpm
-name
AssetImportWorker0
-projectPath
C:/Users/user/Desktop/HC/Unity/Unity_HC_TC_210703_2DGame_HW/2DGame_HW
-logFile
Logs/AssetImportWorker0.log
-srvPort
51295
Successfully changed project path to: C:/Users/user/Desktop/HC/Unity/Unity_HC_TC_210703_2DGame_HW/2DGame_HW
C:/Users/user/Desktop/HC/Unity/Unity_HC_TC_210703_2DGame_HW/2DGame_HW
Using Asset Import Pipeline V2.
Refreshing native plugins compatible for Editor in 50.82 ms, found 3 plugins.
Preloading 0 native plugins for Editor in 0.00 ms.
Initialize engine version: 2020.3.12f1 (b3b2c6512326)
[Subsystems] Discovering subsystems at path C:/Program Files/Unity2020HC/Editor/Data/Resources/UnitySubsystems
[Subsystems] Discovering subsystems at path C:/Users/user/Desktop/HC/Unity/Unity_HC_TC_210703_2DGame_HW/2DGame_HW/Assets
GfxDevice: creating device client; threaded=0
Direct3D:
    Version:  Direct3D 11.0 [level 11.1]
    Renderer: NVIDIA GeForce MX150 (ID=0x1d10)
    Vendor:   
    VRAM:     1983 MB
    Driver:   27.21.14.6663
Initialize mono
Mono path[0] = 'C:/Program Files/Unity2020HC/Editor/Data/Managed'
Mono path[1] = 'C:/Program Files/Unity2020HC/Editor/Data/MonoBleedingEdge/lib/mono/unityjit'
Mono config path = 'C:/Program Files/Unity2020HC/Editor/Data/MonoBleedingEdge/etc'
Using monoOptions --debugger-agent=transport=dt_socket,embedding=1,server=y,suspend=n,address=127.0.0.1:56636
Begin MonoManager ReloadAssembly
Registering precompiled unity dll's ...
Register platform support module: C:/Program Files/Unity2020HC/Editor/Data/PlaybackEngines/WindowsStandaloneSupport/UnityEditor.WindowsStandalone.Extensions.dll
Registered in 0.003067 seconds.
Native extension for WindowsStandalone target not found
Refreshing native plugins compatible for Editor in 88.82 ms, found 3 plugins.
Preloading 0 native plugins for Editor in 0.00 ms.
Mono: successfully reloaded assembly
- Completed reload, in  1.319 seconds
Platform modules already initialized, skipping
Registering precompiled user dll's ...
Registered in 0.007729 seconds.
Begin MonoManager ReloadAssembly
Native extension for WindowsStandalone target not found
Refreshing native plugins compatible for Editor in 112.37 ms, found 3 plugins.
Preloading 0 native plugins for Editor in 0.00 ms.
Mono: successfully reloaded assembly
- Completed reload, in  3.273 seconds
Platform modules already initialized, skipping
========================================================================
Worker process is ready to serve import requests
Launched and connected shader compiler UnityShaderCompiler.exe after 0.09 seconds
Refreshing native plugins compatible for Editor in 0.48 ms, found 3 plugins.
Preloading 0 native plugins for Editor in 0.00 ms.
Unloading 2080 Unused Serialized files (Serialized files now loaded: 0)
System memory in use before: 92.8 MB.
System memory in use after: 92.7 MB.

Unloading 33 unused Assets to reduce memory usage. Loaded Objects now: 2513.
Total: 2.705100 ms (FindLiveObjects: 0.259700 ms CreateObjectMapping: 0.102500 ms MarkObjects: 2.207800 ms  DeleteObjects: 0.133900 ms)

AssetImportParameters requested are different than current active one (requested -> active):
  custom:framework-win-MediaFoundation: 216162199b28c13a410421893ffa2e32 -> 
  custom:video-decoder-ogg-theora: a1e56fd34408186e4bbccfd4996cb3dc -> 
  custom:container-muxer-webm: aa71ff27fc2769a1b78a27578f13a17b -> 
  custom:container-demuxer-webm: 4f35f7cbe854078d1ac9338744f61a02 -> 
  custom:container-demuxer-ogg: 62fdf1f143b41e24485cea50d1cbac27 -> 
  custom:video-encoder-webm-vp8: eb34c28f22e8b96e1ab97ce403110664 -> 
  custom:video-codec-MediaFoundation-h265: 746d11721c4dcdbdad8f713fa42b33f4 -> 
  custom:video-decoder-webm-vp8: 9c59270c3fd7afecdb556c50c9e8de78 -> 
  custom:audio-decoder-ogg-vorbis: bf7c407c2cedff20999df2af8eb42d56 -> 
  custom:audio-encoder-webm-vorbis: bf7c407c2cedff20999df2af8eb42d56 -> 
========================================================================
Received Import Request.
  path: Assets/Pixel Art Platformer - Village Props/Texture/TX Tileset Ground Darken BR.asset
  artifactKey: Guid(01d39db3085cced4c95092d4bc0033f2) Importer(815301076,1909f56bfc062723c751e8b465ee728b)
Start importing Assets/Pixel Art Platformer - Village Props/Texture/TX Tileset Ground Darken BR.asset using Guid(01d39db3085cced4c95092d4bc0033f2) Importer(815301076,1909f56bfc062723c751e8b465ee728b)  -> (artifact id: '56a13067dc56f31eb0742d4f8b2f8533') in 0.121680 seconds 
  Import took 0.127585 seconds .

========================================================================
Received Import Request.
  Time since last request: 0.000337 seconds.
  path: Assets/Pixel Art Platformer - Village Props/Texture/TX Tileset Ground Darken C BL.asset
  artifactKey: Guid(4e392f231fcaaea4ca6064dc70ef13b6) Importer(815301076,1909f56bfc062723c751e8b465ee728b)
Start importing Assets/Pixel Art Platformer - Village Props/Texture/TX Tileset Ground Darken C BL.asset using Guid(4e392f231fcaaea4ca6064dc70ef13b6) Importer(815301076,1909f56bfc062723c751e8b465ee728b)  -> (artifact id: '319a2949a7df489cb23171218381fb83') in 0.013031 seconds 
  Import took 0.016608 seconds .

========================================================================
Received Import Request.
  Time since last request: 0.000347 seconds.
  path: Assets/Pixel Art Platformer - Village Props/Texture/TX Tileset Ground Darken C L.asset
  artifactKey: Guid(0a8cc6947e3c2c84da1b7eee9131016b) Importer(815301076,1909f56bfc062723c751e8b465ee728b)
Start importing Assets/Pixel Art Platformer - Village Props/Texture/TX Tileset Ground Darken C L.asset using Guid(0a8cc6947e3c2c84da1b7eee9131016b) Importer(815301076,1909f56bfc062723c751e8b465ee728b)  -> (artifact id: '71b49cfa69cd1578d62aa34b2c6a4a80') in 0.011931 seconds 
  Import took 0.016689 seconds .

========================================================================
Received Import Request.
  Time since last request: 0.000364 seconds.
  path: Assets/Pixel Art Platformer - Village Props/Texture/TX Tileset Ground Darken B.asset
  artifactKey: Guid(16454c4d16f6e5c4b900e02e8065831a) Importer(815301076,1909f56bfc062723c751e8b465ee728b)
Start importing Assets/Pixel Art Platformer - Village Props/Texture/TX Tileset Ground Darken B.asset using Guid(16454c4d16f6e5c4b900e02e8065831a) Importer(815301076,1909f56bfc062723c751e8b465ee728b)  -> (artifact id: '62fc8bf0a22a7bc48fa74db55aaa22dd') in 0.012907 seconds 
  Import took 0.016786 seconds .

========================================================================
Received Import Request.
  Time since last request: 0.000329 seconds.
  path: Assets/Pixel Art Platformer - Village Props/Texture/TX Tileset Ground Darken C T.asset
  artifactKey: Guid(f9bee16e9046e4c4b880f9dd563b1deb) Importer(815301076,1909f56bfc062723c751e8b465ee728b)
Start importing Assets/Pixel Art Platformer - Village Props/Texture/TX Tileset Ground Darken C T.asset using Guid(f9bee16e9046e4c4b880f9dd563b1deb) Importer(815301076,1909f56bfc062723c751e8b465ee728b)  -> (artifact id: 'e08c2a94d1e6a6a49293ca316093bfdd') in 0.011319 seconds 
  Import took 0.015172 seconds .

========================================================================
Received Import Request.
  Time since last request: 0.000323 seconds.
  path: Assets/Pixel Art Platformer - Village Props/Texture/TX Tileset Ground Darken C R.asset
  artifactKey: Guid(29da480df8c48a349a4179653492083f) Importer(815301076,1909f56bfc062723c751e8b465ee728b)
Start importing Assets/Pixel Art Platformer - Village Props/Texture/TX Tileset Ground Darken C R.asset using Guid(29da480df8c48a349a4179653492083f) Importer(815301076,1909f56bfc062723c751e8b465ee728b)  -> (artifact id: '6668b7800bd35f447c34aea66ccecadd') in 0.012974 seconds 
  Import took 0.016888 seconds .

========================================================================
Received Import Request.
  Time since last request: 0.000342 seconds.
  path: Assets/Pixel Art Platformer - Village Props/Texture/TX Tileset Ground Darken C B.asset
  artifactKey: Guid(1e49678e41eebc041937d704e3572543) Importer(815301076,1909f56bfc062723c751e8b465ee728b)
Start importing Assets/Pixel Art Platformer - Village Props/Texture/TX Tileset Ground Darken C B.asset using Guid(1e49678e41eebc041937d704e3572543) Importer(815301076,1909f56bfc062723c751e8b465ee728b)  -> (artifact id: '3cd381bc34136aa433ccf047b735431a') in 0.011617 seconds 
  Import took 0.015047 seconds .

========================================================================
Received Import Request.
  Time since last request: 0.000352 seconds.
  path: Assets/Pixel Art Platformer - Village Props/Texture/TX Tileset Ground Darken C BR.asset
  artifactKey: Guid(9df66ddf26b0ffd49a0df0dd1bd165ae) Importer(815301076,1909f56bfc062723c751e8b465ee728b)
Start importing Assets/Pixel Art Platformer - Village Props/Texture/TX Tileset Ground Darken C BR.asset using Guid(9df66ddf26b0ffd49a0df0dd1bd165ae) Importer(815301076,1909f56bfc062723c751e8b465ee728b)  -> (artifact id: '5086542f8873c419e40b2992d683f9b3') in 0.012502 seconds 
  Import took 0.016523 seconds .

========================================================================
Received Import Request.
  Time since last request: 0.000277 seconds.
  path: Assets/Pixel Art Platformer - Village Props/Texture/TX Tileset Ground Darken BL.asset
  artifactKey: Guid(36e09f13f73e5bd4ca25611b90186f15) Importer(815301076,1909f56bfc062723c751e8b465ee728b)
Start importing Assets/Pixel Art Platformer - Village Props/Texture/TX Tileset Ground Darken BL.asset using Guid(36e09f13f73e5bd4ca25611b90186f15) Importer(815301076,1909f56bfc062723c751e8b465ee728b)  -> (artifact id: '958ff0f70574a6517d0995e31328a5ad') in 0.012176 seconds 
  Import took 0.016388 seconds .

========================================================================
Received Import Request.
  Time since last request: 299.108318 seconds.
  path: Assets/Scenes/New Material.mat
  artifactKey: Guid(3b6870133631f9a4ebddfbe35edb7f7e) Importer(815301076,1909f56bfc062723c751e8b465ee728b)
Start importing Assets/Scenes/New Material.mat using Guid(3b6870133631f9a4ebddfbe35edb7f7e) Importer(815301076,1909f56bfc062723c751e8b465ee728b)  -> (artifact id: 'cd8888bcf60d71a75f3063e78f8c5132') in 0.140181 seconds 
  Import took 0.150262 seconds .

========================================================================
Received Import Request.
  Time since last request: 18.812289 seconds.
  path: Assets/Scenes/火焰特效.unity
  artifactKey: Guid(c77fdc97565f5d04e955234262a68d9c) Importer(815301076,1909f56bfc062723c751e8b465ee728b)
Start importing Assets/Scenes/火焰特效.unity using Guid(c77fdc97565f5d04e955234262a68d9c) Importer(815301076,1909f56bfc062723c751e8b465ee728b)  -> (artifact id: '80896bf58113d5ce568dde7b49b53188') in 0.012499 seconds 
  Import took 0.019152 seconds .

========================================================================
Received Import Request.
  Time since last request: 331.053016 seconds.
  path: Assets/Scenes/火焰特效.unity
  artifactKey: Guid(c77fdc97565f5d04e955234262a68d9c) Importer(815301076,1909f56bfc062723c751e8b465ee728b)
Start importing Assets/Scenes/火焰特效.unity using Guid(c77fdc97565f5d04e955234262a68d9c) Importer(815301076,1909f56bfc062723c751e8b465ee728b)  -> (artifact id: 'c41332148ff19a9aa4f66045655e1cb3') in 0.005040 seconds 
  Import took 0.011337 seconds .

========================================================================
Received Import Request.
  Time since last request: 0.470828 seconds.
  path: Assets/Scenes/SampleScene.unity
  artifactKey: Guid(2cda990e2423bbf4892e6590ba056729) Importer(815301076,1909f56bfc062723c751e8b465ee728b)
Start importing Assets/Scenes/SampleScene.unity using Guid(2cda990e2423bbf4892e6590ba056729) Importer(815301076,1909f56bfc062723c751e8b465ee728b)  -> (artifact id: 'bce43be887395a03352b199d411cf8b7') in 0.006241 seconds 
  Import took 0.010988 seconds .

========================================================================
Received Import Request.
  Time since last request: 359.314720 seconds.
  path: Assets/Scenes/火焰特效.unity
  artifactKey: Guid(c77fdc97565f5d04e955234262a68d9c) Importer(815301076,1909f56bfc062723c751e8b465ee728b)
Start importing Assets/Scenes/火焰特效.unity using Guid(c77fdc97565f5d04e955234262a68d9c) Importer(815301076,1909f56bfc062723c751e8b465ee728b)  -> (artifact id: '6c22e678033f99adb7b30ccc468124e8') in 0.005878 seconds 
  Import took 0.010221 seconds .

AssetImportWorkerClient::OnTransportError - code=2 error=End of file
